<?xml version="1.0" encoding="UTF-8" ?>
<testsuite tests="3" failures="0" name="Operations_Test.BuildOpertaion_Test" time="0.044" errors="0" skipped="0">
  <properties>
[...]
</properties>
  <testcase classname="Operations_Test.BuildOpertaion_Test" name="testFloorMainSubCoordinator" time="0.037"/>
  <testcase classname="Operations_Test.BuildOpertaion_Test" name="test_constructor" time="0.005"/>
  <testcase classname="Operations_Test.BuildOpertaion_Test" name="testSetInitialState" time="0.002"/>
</testsuite>